#
# There is insufficient memory for the Java Runtime Environment to continue.
# Native memory allocation (malloc) failed to allocate 1065472 bytes for Chunk::new
# Possible reasons:
#   The system is out of physical RAM or swap space
#   The process is running with CompressedOops enabled, and the Java Heap may be blocking the growth of the native heap
# Possible solutions:
#   Reduce memory load on the system
#   Increase physical memory or swap space
#   Check if swap backing store is full
#   Decrease Java heap size (-Xmx/-Xms)
#   Decrease number of Java threads
#   Decrease Java thread stack sizes (-Xss)
#   Set larger code cache with -XX:ReservedCodeCacheSize=
#   JVM is running with Unscaled Compressed Oops mode in which the Java heap is
#     placed in the first 4GB address space. The Java Heap base address is the
#     maximum limit for the native heap growth. Please use -XX:HeapBaseMinAddress
#     to set the Java Heap base and to place the Java Heap above 4GB virtual address.
# This output file may be truncated or incomplete.
#
#  Out of Memory Error (allocation.cpp:389), pid=62324, tid=0x0000000000004814
#
# JRE version: OpenJDK Runtime Environment (8.0_242-b01) (build 1.8.0_242-release-1644-b01)
# Java VM: OpenJDK 64-Bit Server VM (25.242-b01 mixed mode windows-amd64 compressed oops)
# Failed to write core dump. Minidumps are not enabled by default on client versions of Windows
#

---------------  T H R E A D  ---------------

Current thread (0x0000000017080800):  JavaThread "C2 CompilerThread0" daemon [_thread_in_native, id=18452, stack(0x00000000186d0000,0x00000000187d0000)]

Stack: [0x00000000186d0000,0x00000000187d0000]
[error occurred during error reporting (printing stack bounds), id 0xc0000005]

Native frames: (J=compiled Java code, j=interpreted, Vv=VM code, C=native code)


Current CompileTask:
C2:1355893 17743       4       com.android.tools.r8.graph.S::collectIndexedItems (42 bytes)


---------------  P R O C E S S  ---------------

Java Threads: ( => current thread )
  0x000000001c2f9800 JavaThread "WorkerExecutor Queue Thread 9" [_thread_blocked, id=20824, stack(0x00000000254d0000,0x00000000255d0000)]
  0x000000001c2f2800 JavaThread "WorkerExecutor Queue Thread 8" [_thread_blocked, id=42952, stack(0x00000000268d0000,0x00000000269d0000)]
  0x000000001c2ee800 JavaThread "WorkerExecutor Queue Thread 6" [_thread_in_Java, id=31840, stack(0x00000000251d0000,0x00000000252d0000)]
  0x000000001c2ee000 JavaThread "Cache worker for Java compile cache (C:\Users\RESHMA\AndroidStudioProjects\shadowsorland\.gradle\6.1.1\javaCompile)" [_thread_blocked, id=77496, stack(0x00000000243d0000,0x00000000244d0000)]
  0x000000001c2f5000 JavaThread "Cache worker for Java compile cache (C:\Users\RESHMA\.gradle\caches\6.1.1\javaCompile)" [_thread_blocked, id=45536, stack(0x000000001e620000,0x000000001e720000)]
  0x000000001c2f7000 JavaThread "WorkerExecutor Queue Thread 5" [_thread_blocked, id=69320, stack(0x00000000262d0000,0x00000000263d0000)]
  0x000000001c451800 JavaThread "Cache worker for execution history cache (C:\Users\RESHMA\AndroidStudioProjects\shadowsorland\.gradle\6.1.1\executionHistory)" [_thread_blocked, id=15648, stack(0x00000000250d0000,0x00000000251d0000)]
  0x000000001c451000 JavaThread "Execution worker for ':' Thread 3" [_thread_blocked, id=43776, stack(0x0000000024fd0000,0x00000000250d0000)]
  0x000000001c452800 JavaThread "Execution worker for ':' Thread 2" [_thread_blocked, id=37092, stack(0x0000000024ed0000,0x0000000024fd0000)]
  0x000000001c450000 JavaThread "Execution worker for ':'" [_thread_blocked, id=65976, stack(0x0000000024dd0000,0x0000000024ed0000)]
  0x000000001c44f800 JavaThread "Cache worker for file content cache (C:\Users\RESHMA\AndroidStudioProjects\shadowsorland\.gradle\6.1.1\fileContent)" [_thread_blocked, id=37892, stack(0x0000000024ad0000,0x0000000024bd0000)]
  0x000000001c448000 JavaThread "Cache worker for Build Output Cleanup Cache (C:\Users\RESHMA\AndroidStudioProjects\shadowsorland\.gradle\buildOutputCleanup)" [_thread_blocked, id=24540, stack(0x00000000249d0000,0x0000000024ad0000)]
  0x000000001c44e800 JavaThread "pool-3-thread-1" [_thread_blocked, id=31040, stack(0x00000000248d0000,0x00000000249d0000)]
  0x000000001c44e000 JavaThread "Build operations Thread 4" [_thread_blocked, id=15568, stack(0x00000000245d0000,0x00000000246d0000)]
  0x000000001c447000 JavaThread "Build operations Thread 3" [_thread_blocked, id=82956, stack(0x00000000244d0000,0x00000000245d0000)]
  0x000000001c446800 JavaThread "Build operations Thread 2" [_thread_blocked, id=29144, stack(0x0000000022bd0000,0x0000000022cd0000)]
  0x000000001c44d000 JavaThread "Build operations" [_thread_blocked, id=46564, stack(0x0000000021cd0000,0x0000000021dd0000)]
  0x000000001c445800 JavaThread "Cache worker for cache directory md-rule (C:\Users\RESHMA\.gradle\caches\6.1.1\md-rule)" [_thread_blocked, id=71500, stack(0x00000000217d0000,0x00000000218d0000)]
  0x0000000018b75800 JavaThread "Cache worker for cache directory md-supplier (C:\Users\RESHMA\.gradle\caches\6.1.1\md-supplier)" [_thread_blocked, id=52212, stack(0x00000000216d0000,0x00000000217d0000)]
  0x0000000018b7c000 JavaThread "Cache worker for file hash cache (C:\Users\RESHMA\AndroidStudioProjects\shadowsorland\.gradle\6.1.1\fileHashes)" [_thread_blocked, id=64896, stack(0x00000000215d0000,0x00000000216d0000)]
  0x0000000018b7b800 JavaThread "Cache worker for checksums cache (C:\Users\RESHMA\AndroidStudioProjects\shadowsorland\.gradle\checksums)" [_thread_blocked, id=71432, stack(0x00000000214d0000,0x00000000215d0000)]
  0x0000000018b79000 JavaThread "Thread-48" [_thread_blocked, id=8220, stack(0x000000001e720000,0x000000001e820000)]
  0x0000000018b70000 JavaThread "Asynchronous log dispatcher for DefaultDaemonConnection: socket connection from /127.0.0.1:53379 to /127.0.0.1:53402" [_thread_blocked, id=31540, stack(0x000000001dfc0000,0x000000001e0c0000)]
  0x0000000018b77000 JavaThread "Cancel handler" [_thread_blocked, id=61968, stack(0x000000001b820000,0x000000001b920000)]
  0x0000000018b73000 JavaThread "Handler for socket connection from /127.0.0.1:53379 to /127.0.0.1:53402" [_thread_in_native, id=68456, stack(0x000000001b520000,0x000000001b620000)]
  0x000000001c449800 JavaThread "Daemon worker Thread 2" [_thread_in_native, id=34976, stack(0x000000001dec0000,0x000000001dfc0000)]
  0x000000001c44c800 JavaThread "Daemon Thread 2" [_thread_blocked, id=30872, stack(0x0000000002160000,0x0000000002260000)]
  0x000000001c445000 JavaThread "Cache worker for file content cache (C:\Users\RESHMA\.gradle\caches\6.1.1\fileContent)" [_thread_blocked, id=16540, stack(0x0000000022ad0000,0x0000000022bd0000)]
  0x0000000018b7d800 JavaThread "Memory manager" [_thread_blocked, id=71544, stack(0x00000000229d0000,0x0000000022ad0000)]
  0x0000000018b71800 JavaThread "Cache worker for execution history cache (C:\Users\RESHMA\.gradle\caches\6.1.1\executionHistory)" [_thread_blocked, id=3552, stack(0x000000001e820000,0x000000001e920000)]
  0x000000001a030000 JavaThread "Cache worker for file hash cache (C:\Users\RESHMA\.gradle\caches\6.1.1\fileHashes)" [_thread_blocked, id=57016, stack(0x000000001e120000,0x000000001e220000)]
  0x000000001a031800 JavaThread "File lock request listener" [_thread_in_native, id=35008, stack(0x000000001bc20000,0x000000001bd20000)]
  0x000000001a2f0000 JavaThread "Cache worker for journal cache (C:\Users\RESHMA\.gradle\caches\journal-1)" [_thread_blocked, id=59016, stack(0x000000001bb20000,0x000000001bc20000)]
  0x0000000019634000 JavaThread "Daemon periodic checks" [_thread_blocked, id=5248, stack(0x000000001b220000,0x000000001b320000)]
  0x000000001a156000 JavaThread "Incoming local TCP Connector on port 53379" [_thread_in_native, id=29868, stack(0x000000001afe0000,0x000000001b0e0000)]
  0x0000000019b03000 JavaThread "Daemon health stats" [_thread_blocked, id=73944, stack(0x000000001a7a0000,0x000000001a8a0000)]
  0x00000000189f7000 JavaThread "Service Thread" daemon [_thread_blocked, id=25424, stack(0x0000000018dd0000,0x0000000018ed0000)]
  0x0000000017092800 JavaThread "C1 CompilerThread2" daemon [_thread_in_vm, id=6152, stack(0x00000000188d0000,0x00000000189d0000)]
  0x000000001708a800 JavaThread "C2 CompilerThread1" daemon [_thread_in_vm, id=17836, stack(0x00000000187d0000,0x00000000188d0000)]
=>0x0000000017080800 JavaThread "C2 CompilerThread0" daemon [_thread_in_native, id=18452, stack(0x00000000186d0000,0x00000000187d0000)]
  0x0000000017086800 JavaThread "Attach Listener" daemon [_thread_blocked, id=35884, stack(0x00000000185d0000,0x00000000186d0000)]
  0x0000000017085000 JavaThread "Signal Dispatcher" daemon [_thread_blocked, id=28456, stack(0x00000000184d0000,0x00000000185d0000)]
  0x000000000245b000 JavaThread "Finalizer" daemon [_thread_blocked, id=81680, stack(0x00000000182d0000,0x00000000183d0000)]
  0x0000000017069000 JavaThread "Reference Handler" daemon [_thread_blocked, id=79160, stack(0x00000000181d0000,0x00000000182d0000)]
  0x000000000052e000 JavaThread "main" [_thread_blocked, id=9784, stack(0x0000000002260000,0x0000000002360000)]

Other Threads:
  0x0000000017046000 VMThread [stack: 0x00000000180d0000,0x00000000181d0000] [id=83364]
  0x00000000189f7800 WatcherThread [stack: 0x0000000018ed0000,0x0000000018fd0000] [id=73952]

VM state:not at safepoint (normal execution)

VM Mutex/Monitor currently owned by a thread:  ([mutex/lock_event])
[0x000000000052c3d0] CodeCache_lock - owner thread: 0x0000000017092800
[0x00000000023600d0] CompiledIC_lock - owner thread: 0x000000001708a800
[0x0000000002360450] Compile_lock - owner thread: 0x0000000017092800
[0x00000000023605d0] MethodCompileQueue_lock - owner thread: 0x0000000017092800

heap address: 0x0000000080000000, size: 2048 MB, Compressed Oops mode: 32-bit
Narrow klass base: 0x0000000000000000, Narrow klass shift: 3
Compressed class space size: 1073741824 Address: 0x0000000100000000

Heap:
 PSYoungGen      total 159232K, used 28205K [0x00000000d5580000, 0x00000000e7500000, 0x0000000100000000)
  eden space 29184K, 45% used [0x00000000d5580000,0x00000000d6267268,0x00000000d7200000)
  from space 130048K, 11% used [0x00000000df600000,0x00000000e04a41c0,0x00000000e7500000)
  to   space 132608K, 0% used [0x00000000d7200000,0x00000000d7200000,0x00000000df380000)
 ParOldGen       total 307200K, used 205051K [0x0000000080000000, 0x0000000092c00000, 0x00000000d5580000)
  object space 307200K, 66% used [0x0000000080000000,0x000000008c83ec40,0x0000000092c00000)
 Metaspace       used 93182K, capacity 97154K, committed 97448K, reserved 1134592K
  class space    used 12055K, capacity 12833K, committed 12976K, reserved 1048576K

Card table byte_map: [0x0000000011820000,0x0000000011c30000] byte_map_base: 0x0000000011420000

Marking Bits: (ParMarkBitMap*) 0x0000000077f7f030
 Begin Bits: [0x00000000122e0000, 0x00000000142e0000)
 End Bits:   [0x00000000142e0000, 0x00000000162e0000)

Polling page: 0x0000000000500000

CodeCache: size=245760Kb used=50560Kb max_used=50560Kb free=195199Kb
 bounds [0x0000000002460000, 0x0000000005610000, 0x0000000011460000]
 total_blobs=15578 nmethods=14665 adapters=824
 compilation: enabled

Compilation events (10 events):
Event: 1351.866 Thread 0x0000000017092800 17760       2       com.android.tools.r8.dex.P$g::a (35 bytes)
Event: 1351.866 Thread 0x0000000017092800 nmethod 17760 0x00000000037af390 code [0x00000000037af520, 0x00000000037af728]
Event: 1352.750 Thread 0x0000000017092800 17794       2       com.android.tools.r8.dex.P::a (31 bytes)
Event: 1352.850 Thread 0x0000000017092800 nmethod 17794 0x0000000003577c90 code [0x0000000003577e20, 0x0000000003578098]
Event: 1352.859 Thread 0x000000001708a800 nmethod 17779 0x00000000055e2e90 code [0x00000000055e3320, 0x00000000055e9750]
Event: 1352.859 Thread 0x000000001708a800 17787       4       com.android.tools.r8.dex.P$g::a (35 bytes)
Event: 1352.892 Thread 0x000000001708a800 nmethod 17787 0x00000000055dfed0 code [0x00000000055e0180, 0x00000000055e16f0]
Event: 1352.892 Thread 0x000000001708a800 17788       4       com.android.tools.r8.graph.J0::collectIndexedItems (9 bytes)
Event: 1352.896 Thread 0x000000001708a800 nmethod 17788 0x0000000003b14850 code [0x0000000003b149a0, 0x0000000003b14b68]
Event: 1352.896 Thread 0x000000001708a800 17797       4       com.android.tools.r8.graph.V::collectIndexedItems (8 bytes)

GC Heap History (10 events):
Event: 1226.446 GC heap before
{Heap before GC invocations=85 (full 5):
 PSYoungGen      total 161280K, used 108918K [0x00000000d5580000, 0x00000000e7f80000, 0x0000000100000000)
  eden space 22528K, 100% used [0x00000000d5580000,0x00000000d6b80000,0x00000000d6b80000)
  from space 138752K, 62% used [0x00000000d6b80000,0x00000000dbfdd9a0,0x00000000df300000)
  to   space 139776K, 0% used [0x00000000df700000,0x00000000df700000,0x00000000e7f80000)
 ParOldGen       total 209920K, used 139624K [0x0000000080000000, 0x000000008cd00000, 0x00000000d5580000)
  object space 209920K, 66% used [0x0000000080000000,0x000000008885a3b0,0x000000008cd00000)
 Metaspace       used 93134K, capacity 97086K, committed 97448K, reserved 1134592K
  class space    used 12055K, capacity 12833K, committed 12976K, reserved 1048576K
Event: 1226.626 GC heap after
Heap after GC invocations=85 (full 5):
 PSYoungGen      total 154112K, used 55687K [0x00000000d5580000, 0x00000000e7480000, 0x0000000100000000)
  eden space 25600K, 0% used [0x00000000d5580000,0x00000000d5580000,0x00000000d6e80000)
  from space 128512K, 43% used [0x00000000df700000,0x00000000e2d61f40,0x00000000e7480000)
  to   space 134144K, 0% used [0x00000000d6e80000,0x00000000d6e80000,0x00000000df180000)
 ParOldGen       total 209920K, used 175471K [0x0000000080000000, 0x000000008cd00000, 0x00000000d5580000)
  object space 209920K, 83% used [0x0000000080000000,0x000000008ab5bd48,0x000000008cd00000)
 Metaspace       used 93134K, capacity 97086K, committed 97448K, reserved 1134592K
  class space    used 12055K, capacity 12833K, committed 12976K, reserved 1048576K
}
Event: 1226.745 GC heap before
{Heap before GC invocations=86 (full 5):
 PSYoungGen      total 154112K, used 81287K [0x00000000d5580000, 0x00000000e7480000, 0x0000000100000000)
  eden space 25600K, 100% used [0x00000000d5580000,0x00000000d6e80000,0x00000000d6e80000)
  from space 128512K, 43% used [0x00000000df700000,0x00000000e2d61f40,0x00000000e7480000)
  to   space 134144K, 0% used [0x00000000d6e80000,0x00000000d6e80000,0x00000000df180000)
 ParOldGen       total 209920K, used 175471K [0x0000000080000000, 0x000000008cd00000, 0x00000000d5580000)
  object space 209920K, 83% used [0x0000000080000000,0x000000008ab5bd48,0x000000008cd00000)
 Metaspace       used 93135K, capacity 97086K, committed 97448K, reserved 1134592K
  class space    used 12055K, capacity 12833K, committed 12976K, reserved 1048576K
Event: 1226.968 GC heap after
Heap after GC invocations=86 (full 5):
 PSYoungGen      total 159744K, used 28727K [0x00000000d5580000, 0x00000000e7600000, 0x0000000100000000)
  eden space 25600K, 0% used [0x00000000d5580000,0x00000000d5580000,0x00000000d6e80000)
  from space 134144K, 21% used [0x00000000d6e80000,0x00000000d8a8dd48,0x00000000df180000)
  to   space 133120K, 0% used [0x00000000df400000,0x00000000df400000,0x00000000e7600000)
 ParOldGen       total 209920K, used 204236K [0x0000000080000000, 0x000000008cd00000, 0x00000000d5580000)
  object space 209920K, 97% used [0x0000000080000000,0x000000008c773230,0x000000008cd00000)
 Metaspace       used 93135K, capacity 97086K, committed 97448K, reserved 1134592K
  class space    used 12055K, capacity 12833K, committed 12976K, reserved 1048576K
}
Event: 1226.968 GC heap before
{Heap before GC invocations=87 (full 6):
 PSYoungGen      total 159744K, used 28727K [0x00000000d5580000, 0x00000000e7600000, 0x0000000100000000)
  eden space 25600K, 0% used [0x00000000d5580000,0x00000000d5580000,0x00000000d6e80000)
  from space 134144K, 21% used [0x00000000d6e80000,0x00000000d8a8dd48,0x00000000df180000)
  to   space 133120K, 0% used [0x00000000df400000,0x00000000df400000,0x00000000e7600000)
 ParOldGen       total 209920K, used 204236K [0x0000000080000000, 0x000000008cd00000, 0x00000000d5580000)
  object space 209920K, 97% used [0x0000000080000000,0x000000008c773230,0x000000008cd00000)
 Metaspace       used 93135K, capacity 97086K, committed 97448K, reserved 1134592K
  class space    used 12055K, capacity 12833K, committed 12976K, reserved 1048576K
Event: 1332.842 GC heap after
Heap after GC invocations=87 (full 6):
 PSYoungGen      total 159744K, used 0K [0x00000000d5580000, 0x00000000e7600000, 0x0000000100000000)
  eden space 25600K, 0% used [0x00000000d5580000,0x00000000d5580000,0x00000000d6e80000)
  from space 134144K, 0% used [0x00000000d6e80000,0x00000000d6e80000,0x00000000df180000)
  to   space 133120K, 0% used [0x00000000df400000,0x00000000df400000,0x00000000e7600000)
 ParOldGen       total 307200K, used 205051K [0x0000000080000000, 0x0000000092c00000, 0x00000000d5580000)
  object space 307200K, 66% used [0x0000000080000000,0x000000008c83ec40,0x0000000092c00000)
 Metaspace       used 93135K, capacity 97086K, committed 97448K, reserved 1134592K
  class space    used 12055K, capacity 12833K, committed 12976K, reserved 1048576K
}
Event: 1344.340 GC heap before
{Heap before GC invocations=88 (full 6):
 PSYoungGen      total 159744K, used 25600K [0x00000000d5580000, 0x00000000e7600000, 0x0000000100000000)
  eden space 25600K, 100% used [0x00000000d5580000,0x00000000d6e80000,0x00000000d6e80000)
  from space 134144K, 0% used [0x00000000d6e80000,0x00000000d6e80000,0x00000000df180000)
  to   space 133120K, 0% used [0x00000000df400000,0x00000000df400000,0x00000000e7600000)
 ParOldGen       total 307200K, used 205051K [0x0000000080000000, 0x0000000092c00000, 0x00000000d5580000)
  object space 307200K, 66% used [0x0000000080000000,0x000000008c83ec40,0x0000000092c00000)
 Metaspace       used 93171K, capacity 97090K, committed 97448K, reserved 1134592K
  class space    used 12055K, capacity 12833K, committed 12976K, reserved 1048576K
Event: 1345.037 GC heap after
Heap after GC invocations=88 (full 6):
 PSYoungGen      total 160256K, used 3342K [0x00000000d5580000, 0x00000000e7900000, 0x0000000100000000)
  eden space 27136K, 0% used [0x00000000d5580000,0x00000000d5580000,0x00000000d7000000)
  from space 133120K, 2% used [0x00000000df400000,0x00000000df743920,0x00000000e7600000)
  to   space 135168K, 0% used [0x00000000d7000000,0x00000000d7000000,0x00000000df400000)
 ParOldGen       total 307200K, used 205051K [0x0000000080000000, 0x0000000092c00000, 0x00000000d5580000)
  object space 307200K, 66% used [0x0000000080000000,0x000000008c83ec40,0x0000000092c00000)
 Metaspace       used 93171K, capacity 97090K, committed 97448K, reserved 1134592K
  class space    used 12055K, capacity 12833K, committed 12976K, reserved 1048576K
}
Event: 1352.071 GC heap before
{Heap before GC invocations=89 (full 6):
 PSYoungGen      total 160256K, used 30435K [0x00000000d5580000, 0x00000000e7900000, 0x0000000100000000)
  eden space 27136K, 99% used [0x00000000d5580000,0x00000000d6ff5320,0x00000000d7000000)
  from space 133120K, 2% used [0x00000000df400000,0x00000000df743920,0x00000000e7600000)
  to   space 135168K, 0% used [0x00000000d7000000,0x00000000d7000000,0x00000000df400000)
 ParOldGen       total 307200K, used 205051K [0x0000000080000000, 0x0000000092c00000, 0x00000000d5580000)
  object space 307200K, 66% used [0x0000000080000000,0x000000008c83ec40,0x0000000092c00000)
 Metaspace       used 93178K, capacity 97154K, committed 97448K, reserved 1134592K
  class space    used 12055K, capacity 12833K, committed 12976K, reserved 1048576K
Event: 1352.487 GC heap after
Heap after GC invocations=89 (full 6):
 PSYoungGen      total 162304K, used 8974K [0x00000000d5580000, 0x00000000e7a00000, 0x0000000100000000)
  eden space 27136K, 0% used [0x00000000d5580000,0x00000000d5580000,0x00000000d7000000)
  from space 135168K, 6% used [0x00000000d7000000,0x00000000d78c3990,0x00000000df400000)
  to   space 135168K, 0% used [0x00000000df600000,0x00000000df600000,0x00000000e7a00000)
 ParOldGen       total 307200K, used 205051K [0x0000000080000000, 0x0000000092c00000, 0x00000000d5580000)
  object space 307200K, 66% used [0x0000000080000000,0x000000008c83ec40,0x0000000092c00000)
 Metaspace       used 93178K, capacity 97154K, committed 97448K, reserved 1134592K
  class space    used 12055K, capacity 12833K, committed 12976K, reserved 1048576K
}

Deoptimization events (10 events):
Event: 1335.602 Thread 0x000000001c2ee800 Uncommon trap: reason=unstable_if action=reinterpret pc=0x0000000005339ce4 method=com.android.tools.r8.graph.S.collectIndexedItems(Lcom/android/tools/r8/dex/v;Lcom/android/tools/r8/graph/Z;I)V @ 28
Event: 1337.680 Thread 0x000000001c2ee800 Uncommon trap: reason=uninitialized action=reinterpret pc=0x00000000033343cc method=com.android.tools.r8.graph.h0.a(Lcom/android/tools/r8/graph/f0;)Lcom/android/tools/r8/graph/h0; @ 135
Event: 1341.861 Thread 0x000000001c2ee800 Uncommon trap: reason=uninitialized action=reinterpret pc=0x0000000003ea0688 method=com.android.tools.r8.graph.h0.a(Lcom/android/tools/r8/graph/f0;)Lcom/android/tools/r8/graph/h0; @ 139
Event: 1345.515 Thread 0x000000001c2ee800 Uncommon trap: reason=unstable_if action=reinterpret pc=0x00000000031c2ee8 method=com.android.tools.r8.graph.e0.c(Lcom/android/tools/r8/graph/e0;)I @ 80
Event: 1348.874 Thread 0x000000001c2f7000 Uncommon trap: reason=unstable_if action=reinterpret pc=0x000000000495216c method=com.android.tools.build.apkzlib.zip.ZipField.verify(Ljava/nio/ByteBuffer;JLcom/android/tools/build/apkzlib/zip/VerifyLog;)V @ 16
Event: 1349.579 Thread 0x000000001c2ee800 Uncommon trap: reason=unstable_if action=reinterpret pc=0x0000000003f9cc40 method=java.util.HashMap.getNode(ILjava/lang/Object;)Ljava/util/HashMap$Node; @ 84
Event: 1349.836 Thread 0x000000001c2ee800 Uncommon trap: reason=unstable_if action=reinterpret pc=0x0000000003027e80 method=java.util.HashMap.getNode(ILjava/lang/Object;)Ljava/util/HashMap$Node; @ 84
Event: 1351.126 Thread 0x000000001c2f7000 Uncommon trap: reason=unstable_if action=reinterpret pc=0x0000000004849f74 method=com.android.tools.build.apkzlib.zip.ZipField.verify(Ljava/nio/ByteBuffer;JLcom/android/tools/build/apkzlib/zip/VerifyLog;)V @ 16
Event: 1351.577 Thread 0x000000001c2ee800 Uncommon trap: reason=unstable_if action=reinterpret pc=0x00000000055c89bc method=com.android.tools.r8.graph.e0.c(Lcom/android/tools/r8/graph/e0;)I @ 80
Event: 1351.957 Thread 0x000000001c2ee800 Uncommon trap: reason=unstable_if action=reinterpret pc=0x0000000003807658 method=com.android.tools.r8.dex.P.a(I)Z @ 8

Classes redefined (0 events):
No events

Internal exceptions (10 events):
Event: 1153.343 Thread 0x000000001c2f1000 Implicit null exception at 0x0000000002dbd16f to 0x0000000002dbd261
Event: 1155.570 Thread 0x000000001c2f2800 Exception <a 'sun/nio/fs/WindowsException'> (0x00000000d5580840) thrown at [C:\src\AOSP-openjdk-git\hotspot\src\share\vm\prims\jni.cpp, line 710]
Event: 1225.028 Thread 0x000000001c2f2800 Exception <a 'sun/nio/fs/WindowsException'> (0x00000000d561b318) thrown at [C:\src\AOSP-openjdk-git\hotspot\src\share\vm\prims\jni.cpp, line 710]
Event: 1225.988 Thread 0x000000001c2f2800 Exception <a 'sun/nio/fs/WindowsException'> (0x00000000d5bdc748) thrown at [C:\src\AOSP-openjdk-git\hotspot\src\share\vm\prims\jni.cpp, line 710]
Event: 1226.170 Thread 0x000000001c2f2800 Exception <a 'sun/nio/fs/WindowsException'> (0x00000000d61ff9a0) thrown at [C:\src\AOSP-openjdk-git\hotspot\src\share\vm\prims\jni.cpp, line 710]
Event: 1226.226 Thread 0x000000001c2f2800 Exception <a 'sun/nio/fs/WindowsException'> (0x00000000d6260960) thrown at [C:\src\AOSP-openjdk-git\hotspot\src\share\vm\prims\jni.cpp, line 710]
Event: 1226.246 Thread 0x000000001c2f2800 Exception <a 'sun/nio/fs/WindowsException'> (0x00000000d62aa110) thrown at [C:\src\AOSP-openjdk-git\hotspot\src\share\vm\prims\jni.cpp, line 710]
Event: 1226.413 Thread 0x000000001c2f2800 Exception <a 'sun/nio/fs/WindowsException'> (0x00000000d68b25a0) thrown at [C:\src\AOSP-openjdk-git\hotspot\src\share\vm\prims\jni.cpp, line 710]
Event: 1226.666 Thread 0x000000001c2f2800 Exception <a 'sun/nio/fs/WindowsException'> (0x00000000d658f0e8) thrown at [C:\src\AOSP-openjdk-git\hotspot\src\share\vm\prims\jni.cpp, line 710]
Event: 1333.137 Thread 0x000000001c2f2800 Exception <a 'sun/nio/fs/WindowsException'> (0x00000000d5744a50) thrown at [C:\src\AOSP-openjdk-git\hotspot\src\share\vm\prims\jni.cpp, line 710]

Events (10 events):
Event: 1351.577 Thread 0x000000001c2ee800 Uncommon trap: trap_request=0xffffff65 fr.pc=0x00000000055c89bc
Event: 1351.577 Thread 0x000000001c2ee800 DEOPT PACKING pc=0x00000000055c89bc sp=0x00000000252cdd70
Event: 1351.651 Thread 0x000000001c2ee800 DEOPT UNPACKING pc=0x00000000024a557b sp=0x00000000252cdbb0 mode 2
Event: 1351.890 Thread 0x0000000017092800 flushing nmethod 0x0000000003d45c90
Event: 1351.957 Thread 0x000000001c2ee800 Uncommon trap: trap_request=0xffffff65 fr.pc=0x0000000003807658
Event: 1351.957 Thread 0x000000001c2ee800 DEOPT PACKING pc=0x0000000003807658 sp=0x00000000252ce070
Event: 1351.957 Thread 0x000000001c2ee800 DEOPT UNPACKING pc=0x00000000024a557b sp=0x00000000252ce010 mode 2
Event: 1352.069 Executing VM operation: ParallelGCFailedAllocation
Event: 1352.487 Executing VM operation: ParallelGCFailedAllocation done
Event: 1352.749 Thread 0x0000000017092800 flushing nmethod 0x0000000003eb4890


Dynamic libraries:
0x00007ff783ff0000 - 0x00007ff784021000 	C:\Program Files\Android\Android Studio2\jre\bin\java.exe
0x00007ffbe5740000 - 0x00007ffbe5930000 	C:\WINDOWS\SYSTEM32\ntdll.dll
0x00007ffbe4c10000 - 0x00007ffbe4cc2000 	C:\WINDOWS\System32\KERNEL32.DLL
0x00007ffbe33b0000 - 0x00007ffbe3655000 	C:\WINDOWS\System32\KERNELBASE.dll
0x00007ffbe4960000 - 0x00007ffbe4a03000 	C:\WINDOWS\System32\ADVAPI32.dll
0x00007ffbe3da0000 - 0x00007ffbe3e3e000 	C:\WINDOWS\System32\msvcrt.dll
0x00007ffbe4430000 - 0x00007ffbe44c7000 	C:\WINDOWS\System32\sechost.dll
0x00007ffbe46b0000 - 0x00007ffbe47d0000 	C:\WINDOWS\System32\RPCRT4.dll
0x00007ffbe3a60000 - 0x00007ffbe3bf4000 	C:\WINDOWS\System32\USER32.dll
0x00007ffbe3380000 - 0x00007ffbe33a1000 	C:\WINDOWS\System32\win32u.dll
0x00007ffbe4b70000 - 0x00007ffbe4b96000 	C:\WINDOWS\System32\GDI32.dll
0x00007ffbe3000000 - 0x00007ffbe3196000 	C:\WINDOWS\System32\gdi32full.dll
0x00007ffbe31a0000 - 0x00007ffbe323e000 	C:\WINDOWS\System32\msvcp_win.dll
0x00007ffbe36c0000 - 0x00007ffbe37ba000 	C:\WINDOWS\System32\ucrtbase.dll
0x00007ffbcc300000 - 0x00007ffbcc584000 	C:\WINDOWS\WinSxS\amd64_microsoft.windows.common-controls_6595b64144ccf1df_6.0.18362.1256_none_9e7e379be45e40e2\COMCTL32.dll
0x00007ffbe53c0000 - 0x00007ffbe56f6000 	C:\WINDOWS\System32\combase.dll
0x00007ffbe32f0000 - 0x00007ffbe3371000 	C:\WINDOWS\System32\bcryptPrimitives.dll
0x00007ffbe4680000 - 0x00007ffbe46ae000 	C:\WINDOWS\System32\IMM32.DLL
0x0000000050a90000 - 0x0000000050b62000 	C:\Program Files\Android\Android Studio2\jre\jre\bin\msvcr100.dll
0x00000000777b0000 - 0x0000000077ffb000 	C:\Program Files\Android\Android Studio2\jre\jre\bin\server\jvm.dll
0x00007ffbe3d80000 - 0x00007ffbe3d88000 	C:\WINDOWS\System32\PSAPI.DLL
0x00007ffbdc450000 - 0x00007ffbdc45a000 	C:\WINDOWS\SYSTEM32\VERSION.dll
0x00007ffbdf260000 - 0x00007ffbdf284000 	C:\WINDOWS\SYSTEM32\WINMM.dll
0x00007ffbdf230000 - 0x00007ffbdf25d000 	C:\WINDOWS\SYSTEM32\winmmbase.dll
0x00007ffbe26b0000 - 0x00007ffbe26fa000 	C:\WINDOWS\System32\cfgmgr32.dll
0x00007ffbcd570000 - 0x00007ffbcd579000 	C:\WINDOWS\SYSTEM32\WSOCK32.dll
0x00007ffbe47d0000 - 0x00007ffbe483f000 	C:\WINDOWS\System32\ws2_32.DLL
0x00007ffbe04b0000 - 0x00007ffbe04bf000 	C:\Program Files\Android\Android Studio2\jre\jre\bin\verify.dll
0x00007ffbd1dd0000 - 0x00007ffbd1df9000 	C:\Program Files\Android\Android Studio2\jre\jre\bin\java.dll
0x00007ffbdd6d0000 - 0x00007ffbdd6e6000 	C:\Program Files\Android\Android Studio2\jre\jre\bin\zip.dll
0x00007ffbe4cd0000 - 0x00007ffbe53b7000 	C:\WINDOWS\System32\SHELL32.dll
0x00007ffbe48b0000 - 0x00007ffbe4959000 	C:\WINDOWS\System32\shcore.dll
0x00007ffbe2720000 - 0x00007ffbe2ea1000 	C:\WINDOWS\System32\windows.storage.dll
0x00007ffbe2660000 - 0x00007ffbe2683000 	C:\WINDOWS\System32\profapi.dll
0x00007ffbe25f0000 - 0x00007ffbe263a000 	C:\WINDOWS\System32\powrprof.dll
0x00007ffbe25e0000 - 0x00007ffbe25f0000 	C:\WINDOWS\System32\UMPDC.dll
0x00007ffbe4850000 - 0x00007ffbe48a2000 	C:\WINDOWS\System32\shlwapi.dll
0x00007ffbe2640000 - 0x00007ffbe2651000 	C:\WINDOWS\System32\kernel.appcore.dll
0x00007ffbe2700000 - 0x00007ffbe2717000 	C:\WINDOWS\System32\cryptsp.dll
0x00007ffbdbbb0000 - 0x00007ffbdbbca000 	C:\Program Files\Android\Android Studio2\jre\jre\bin\net.dll
0x00007ffbe1e30000 - 0x00007ffbe1e97000 	C:\WINDOWS\system32\mswsock.dll
0x00007ffbdb4c0000 - 0x00007ffbdb4d3000 	C:\Program Files\Android\Android Studio2\jre\jre\bin\nio.dll
0x00007ffbbf200000 - 0x00007ffbbf226000 	C:\Users\RESHMA\.gradle\native\31\windows-amd64\native-platform.dll
0x00007ffbd44d0000 - 0x00007ffbd44dd000 	C:\Program Files\Android\Android Studio2\jre\jre\bin\management.dll
0x00007ffbe1940000 - 0x00007ffbe1973000 	C:\WINDOWS\system32\rsaenh.dll
0x00007ffbe37c0000 - 0x00007ffbe37e6000 	C:\WINDOWS\System32\bcrypt.dll
0x00007ffbe2500000 - 0x00007ffbe2525000 	C:\WINDOWS\SYSTEM32\USERENV.dll
0x00007ffbe2000000 - 0x00007ffbe200c000 	C:\WINDOWS\SYSTEM32\CRYPTBASE.dll
0x00007ffbe1b40000 - 0x00007ffbe1b7a000 	C:\WINDOWS\SYSTEM32\IPHLPAPI.DLL
0x00007ffbe4840000 - 0x00007ffbe4848000 	C:\WINDOWS\System32\NSI.dll
0x00007ffbd6300000 - 0x00007ffbd6316000 	C:\WINDOWS\SYSTEM32\dhcpcsvc6.DLL
0x00007ffbd6820000 - 0x00007ffbd683c000 	C:\WINDOWS\SYSTEM32\dhcpcsvc.DLL
0x00007ffbe1b80000 - 0x00007ffbe1c4b000 	C:\WINDOWS\SYSTEM32\DNSAPI.dll
0x00007ffbd17c0000 - 0x00007ffbd17e4000 	C:\Program Files\Android\Android Studio2\jre\jre\bin\sunec.dll
0x00007ffbd47b0000 - 0x00007ffbd47ba000 	C:\Windows\System32\rasadhlp.dll
0x00007ffbd6570000 - 0x00007ffbd65e7000 	C:\WINDOWS\System32\fwpuclnt.dll
0x00007ffbdb1b0000 - 0x00007ffbdb1bb000 	C:\Program Files\Android\Android Studio2\jre\jre\bin\sunmscapi.dll
0x00007ffbe2eb0000 - 0x00007ffbe2ff9000 	C:\WINDOWS\System32\CRYPT32.dll
0x00007ffbe2690000 - 0x00007ffbe26a2000 	C:\WINDOWS\System32\MSASN1.dll

VM Arguments:
jvm_args: -Xmx2048m -Dfile.encoding=windows-1252 -Duser.country=IN -Duser.language=en -Duser.variant 
java_command: org.gradle.launcher.daemon.bootstrap.GradleDaemon 6.1.1
java_class_path (initial): C:\Users\RESHMA\.gradle\wrapper\dists\gradle-6.1.1-all\cfmwm155h49vnt3hynmlrsdst\gradle-6.1.1\lib\gradle-launcher-6.1.1.jar
Launcher Type: SUN_STANDARD

Environment Variables:
PATH=C:\Program Files (x86)\Common Files\Oracle\Java\javapath;C:\ProgramData\Oracle\Java\javapath;C:\WINDOWS\system32;C:\WINDOWS;C:\WINDOWS\System32\Wbem;C:\WINDOWS\System32\WindowsPowerShell\v1.0\;C:\Program Files\Intel\WiFi\bin\;C:\Program Files\Common Files\Intel\WirelessCommon\;C:\Program Files\Java\jdk1.8.0_91\bin;C:\Program Files\MySQL\MySQL Server 8.0\bin;C:\Program Files\Java\com\mysql\cj\jdbc\;C:\Program Files\MongoDB\Server\4.2\bin;;C:\WINDOWS\System32\OpenSSH\;C:\Program Files (x86)\nodejs\;C:\Users\RESHMA\AppData\Local\Programs\Python\Python38-32\Scripts\;C:\Users\RESHMA\AppData\Local\Programs\Python\Python38-32\;C:\Users\RESHMA\AppData\Local\Microsoft\WindowsApps;C:\Users\RESHMA\AppData\Roaming\npm;C:\Users\RESHMA\AppData\Local\Programs\Microsoft VS Code\bin
USERNAME=RESHMA
OS=Windows_NT
PROCESSOR_IDENTIFIER=Intel64 Family 6 Model 78 Stepping 3, GenuineIntel



---------------  S Y S T E M  ---------------

OS: Windows 10.0 , 64 bit Build 18362 (10.0.18362.1110)

CPU:total 4 (initial active 4) (2 cores per cpu, 2 threads per core) family 6 model 78 stepping 3, cmov, cx8, fxsr, mmx, sse, sse2, sse3, ssse3, sse4.1, sse4.2, popcnt, avx, avx2, aes, clmul, erms, 3dnowpref, lzcnt, ht, tsc, tscinvbit, bmi1, bmi2, adx

Memory: 4k page, physical 4072352k(228972k free), swap 16655264k(13644k free)

vm_info: OpenJDK 64-Bit Server VM (25.242-b01) for windows-amd64 JRE (1.8.0_242-release-1644-b01), built by "builder" with MS VC++ 10.0 (VS2010)

time: Mon Jan 18 09:53:01 2021
timezone: India Standard Time
elapsed time: 1358 seconds (0d 0h 22m 38s)

